{
 "bad": false,
 "new_version": "2.11.0",
 "new_version_attempts": {
  "1.16.0": 1,
  "1.17.0": 1,
  "1.18.0": 1,
  "1.19.0": 1,
  "1.20.0": 1,
  "1.21.0": 1,
  "1.22.0": 1,
  "1.23.0": 1,
  "1.24.0": 1,
  "1.25.0": 1.2,
  "1.26.0": 0.19999999999999996,
  "1.27.0": 3.2,
  "1.28.0": 2.1999999999999997,
  "1.29.0": 1.2,
  "1.30.0": 4.000000000000001,
  "1.31.0": 1.2,
  "1.32.0": 2.1999999999999997,
  "2.0.0": 3.200000000000001,
  "2.1.0": 1.9999999999999998,
  "2.10.0": 4.000000000000001,
  "2.11.0": 3.5999999999999996,
  "2.2.0": 2.1999999999999997,
  "2.3.0": 1.9999999999999998,
  "2.4.0": 3.000000000000001,
  "2.5.0": 3.8000000000000007,
  "2.6.0": 4.4,
  "2.7.0": 3.200000000000001,
  "2.7.1": 1.2,
  "2.7.2": 3.000000000000001,
  "2.7.3": 3.000000000000001,
  "2.7.4": 1.4,
  "2.8.0": 5.000000000000002,
  "2.9.0": 8.200000000000003
 },
 "new_version_errors": {
  "1.25.0": "not solvable (<a href=\"https://github.com/regro/autotick-bot/actions/runs/1995367742\">bot CI job</a>): main: ['linux_64_python3.7.____cpython: Encountered problems while solving:\\n  - nothing provides requested acme >=1.25.0\\n', 'linux_64_python3.8.____cpython: Encountered problems while solving:\\n  - nothing provides requested acme >=1.25.0\\n', 'linux_64_python3.9.____cpython: Encountered problems while solving:\\n  - nothing provides requested acme >=1.25.0\\n', 'osx_64_python3.7.____cpython: Encountered problems while solving:\\n  - nothing provides requested acme >=1.25.0\\n', 'osx_64_python3.8.____cpython: Encountered problems while solving:\\n  - nothing provides requested acme >=1.25.0\\n', 'osx_64_python3.9.____cpython: Encountered problems while solving:\\n  - nothing provides requested acme >=1.25.0\\n', 'win_64_python3.7.____cpython: Encountered problems while solving:\\n  - nothing provides requested acme >=1.25.0\\n', 'win_64_python3.8.____cpython: Encountered problems while solving:\\n  - nothing provides requested acme >=1.25.0\\n', 'win_64_python3.9.____cpython: Encountered problems while solving:\\n  - nothing provides requested acme >=1.25.0\\n']",
  "1.26.0": "not solvable (<a href=\"https://github.com/regro/autotick-bot/actions/runs/2101794629\">bot CI job</a>): main: ['linux_64_python3.10.____cpython: Encountered problems while solving:\\n  - nothing provides requested acme >=1.26.0\\n', 'linux_64_python3.7.____cpython: Encountered problems while solving:\\n  - nothing provides requested acme >=1.26.0\\n', 'linux_64_python3.8.____cpython: Encountered problems while solving:\\n  - nothing provides requested acme >=1.26.0\\n', 'linux_64_python3.9.____cpython: Encountered problems while solving:\\n  - nothing provides requested acme >=1.26.0\\n', 'osx_64_python3.10.____cpython: Encountered problems while solving:\\n  - nothing provides requested acme >=1.26.0\\n', 'osx_64_python3.7.____cpython: Encountered problems while solving:\\n  - nothing provides requested acme >=1.26.0\\n', 'osx_64_python3.8.____cpython: Encountered problems while solving:\\n  - nothing provides requested acme >=1.26.0\\n', 'osx_64_python3.9.____cpython: Encountered problems while solving:\\n  - nothing provides requested acme >=1.26.0\\n', 'win_64_python3.10.____cpython: Encountered problems while solving:\\n  - nothing provides requested acme >=1.26.0\\n', 'win_64_python3.7.____cpython: Encountered problems while solving:\\n  - nothing provides requested acme >=1.26.0\\n', 'win_64_python3.8.____cpython: Encountered problems while solving:\\n  - nothing provides requested acme >=1.26.0\\n', 'win_64_python3.9.____cpython: Encountered problems while solving:\\n  - nothing provides requested acme >=1.26.0\\n']",
  "1.27.0": "not solvable (<a href=\"https://github.com/regro/autotick-bot/actions/runs/2280768103\">bot CI job</a>): main: ['linux_64_python3.10.____cpython: Encountered problems while solving:\\n  - nothing provides requested acme >=1.27.0\\n', 'linux_64_python3.7.____cpython: Encountered problems while solving:\\n  - nothing provides requested acme >=1.27.0\\n', 'linux_64_python3.8.____cpython: Encountered problems while solving:\\n  - nothing provides requested acme >=1.27.0\\n', 'linux_64_python3.9.____cpython: Encountered problems while solving:\\n  - nothing provides requested acme >=1.27.0\\n', 'osx_64_python3.10.____cpython: Encountered problems while solving:\\n  - nothing provides requested acme >=1.27.0\\n', 'osx_64_python3.7.____cpython: Encountered problems while solving:\\n  - nothing provides requested acme >=1.27.0\\n', 'osx_64_python3.8.____cpython: Encountered problems while solving:\\n  - nothing provides requested acme >=1.27.0\\n', 'osx_64_python3.9.____cpython: Encountered problems while solving:\\n  - nothing provides requested acme >=1.27.0\\n', 'win_64_python3.10.____cpython: Encountered problems while solving:\\n  - nothing provides requested acme >=1.27.0\\n', 'win_64_python3.7.____cpython: Encountered problems while solving:\\n  - nothing provides requested acme >=1.27.0\\n', 'win_64_python3.8.____cpython: Encountered problems while solving:\\n  - nothing provides requested acme >=1.27.0\\n', 'win_64_python3.9.____cpython: Encountered problems while solving:\\n  - nothing provides requested acme >=1.27.0\\n']",
  "1.28.0": "not solvable (<a href=\"https://github.com/regro/autotick-bot/actions/runs/2463255760\">bot CI job</a>): main: ['linux_64_python3.10.____cpython: Encountered problems while solving:\\n  - nothing provides requested acme >=1.28.0\\n', 'linux_64_python3.7.____cpython: Encountered problems while solving:\\n  - nothing provides requested acme >=1.28.0\\n', 'linux_64_python3.8.____cpython: Encountered problems while solving:\\n  - nothing provides requested acme >=1.28.0\\n', 'linux_64_python3.9.____cpython: Encountered problems while solving:\\n  - nothing provides requested acme >=1.28.0\\n', 'osx_64_python3.10.____cpython: Encountered problems while solving:\\n  - nothing provides requested acme >=1.28.0\\n', 'osx_64_python3.7.____cpython: Encountered problems while solving:\\n  - nothing provides requested acme >=1.28.0\\n', 'osx_64_python3.8.____cpython: Encountered problems while solving:\\n  - nothing provides requested acme >=1.28.0\\n', 'osx_64_python3.9.____cpython: Encountered problems while solving:\\n  - nothing provides requested acme >=1.28.0\\n', 'win_64_python3.10.____cpython: Encountered problems while solving:\\n  - nothing provides requested acme >=1.28.0\\n', 'win_64_python3.7.____cpython: Encountered problems while solving:\\n  - nothing provides requested acme >=1.28.0\\n', 'win_64_python3.8.____cpython: Encountered problems while solving:\\n  - nothing provides requested acme >=1.28.0\\n', 'win_64_python3.9.____cpython: Encountered problems while solving:\\n  - nothing provides requested acme >=1.28.0\\n']",
  "1.29.0": "not solvable (<a href=\"https://github.com/regro/autotick-bot/actions/runs/2626725384\">bot CI job</a>): main: ['linux_64_python3.10.____cpython: Encountered problems while solving:\\n  - nothing provides requested acme >=1.29.0\\n', 'linux_64_python3.7.____cpython: Encountered problems while solving:\\n  - nothing provides requested acme >=1.29.0\\n', 'linux_64_python3.8.____cpython: Encountered problems while solving:\\n  - nothing provides requested acme >=1.29.0\\n', 'linux_64_python3.9.____cpython: Encountered problems while solving:\\n  - nothing provides requested acme >=1.29.0\\n', 'osx_64_python3.10.____cpython: Encountered problems while solving:\\n  - nothing provides requested acme >=1.29.0\\n', 'osx_64_python3.7.____cpython: Encountered problems while solving:\\n  - nothing provides requested acme >=1.29.0\\n', 'osx_64_python3.8.____cpython: Encountered problems while solving:\\n  - nothing provides requested acme >=1.29.0\\n', 'osx_64_python3.9.____cpython: Encountered problems while solving:\\n  - nothing provides requested acme >=1.29.0\\n', 'win_64_python3.10.____cpython: Encountered problems while solving:\\n  - nothing provides requested acme >=1.29.0\\n', 'win_64_python3.7.____cpython: Encountered problems while solving:\\n  - nothing provides requested acme >=1.29.0\\n', 'win_64_python3.8.____cpython: Encountered problems while solving:\\n  - nothing provides requested acme >=1.29.0\\n', 'win_64_python3.9.____cpython: Encountered problems while solving:\\n  - nothing provides requested acme >=1.29.0\\n']",
  "1.30.0": "not solvable (<a href=\"https://github.com/regro/autotick-bot/actions/runs/3027855823\">bot CI job</a>): main: ['linux_64_python3.10.____cpython: Encountered problems while solving:\\n  - nothing provides requested acme >=1.30.0\\n', 'linux_64_python3.7.____cpython: Encountered problems while solving:\\n  - nothing provides requested acme >=1.30.0\\n', 'linux_64_python3.8.____cpython: Encountered problems while solving:\\n  - nothing provides requested acme >=1.30.0\\n', 'linux_64_python3.9.____cpython: Encountered problems while solving:\\n  - nothing provides requested acme >=1.30.0\\n', 'osx_64_python3.10.____cpython: Encountered problems while solving:\\n  - nothing provides requested acme >=1.30.0\\n', 'osx_64_python3.7.____cpython: Encountered problems while solving:\\n  - nothing provides requested acme >=1.30.0\\n', 'osx_64_python3.8.____cpython: Encountered problems while solving:\\n  - nothing provides requested acme >=1.30.0\\n', 'osx_64_python3.9.____cpython: Encountered problems while solving:\\n  - nothing provides requested acme >=1.30.0\\n', 'win_64_python3.10.____cpython: Encountered problems while solving:\\n  - nothing provides requested acme >=1.30.0\\n', 'win_64_python3.7.____cpython: Encountered problems while solving:\\n  - nothing provides requested acme >=1.30.0\\n', 'win_64_python3.8.____cpython: Encountered problems while solving:\\n  - nothing provides requested acme >=1.30.0\\n', 'win_64_python3.9.____cpython: Encountered problems while solving:\\n  - nothing provides requested acme >=1.30.0\\n']",
  "1.31.0": "not solvable (<a href=\"https://github.com/regro/autotick-bot/actions/runs/3185046214\">bot CI job</a>): main: ['linux_64_python3.10.____cpython: Encountered problems while solving:\\n  - nothing provides requested acme >=1.31.0\\n', 'linux_64_python3.7.____cpython: Encountered problems while solving:\\n  - nothing provides requested acme >=1.31.0\\n', 'linux_64_python3.8.____cpython: Encountered problems while solving:\\n  - nothing provides requested acme >=1.31.0\\n', 'linux_64_python3.9.____cpython: Encountered problems while solving:\\n  - nothing provides requested acme >=1.31.0\\n', 'osx_64_python3.10.____cpython: Encountered problems while solving:\\n  - nothing provides requested acme >=1.31.0\\n', 'osx_64_python3.7.____cpython: Encountered problems while solving:\\n  - nothing provides requested acme >=1.31.0\\n', 'osx_64_python3.8.____cpython: Encountered problems while solving:\\n  - nothing provides requested acme >=1.31.0\\n', 'osx_64_python3.9.____cpython: Encountered problems while solving:\\n  - nothing provides requested acme >=1.31.0\\n', 'win_64_python3.10.____cpython: Encountered problems while solving:\\n  - nothing provides requested acme >=1.31.0\\n', 'win_64_python3.7.____cpython: Encountered problems while solving:\\n  - nothing provides requested acme >=1.31.0\\n', 'win_64_python3.8.____cpython: Encountered problems while solving:\\n  - nothing provides requested acme >=1.31.0\\n', 'win_64_python3.9.____cpython: Encountered problems while solving:\\n  - nothing provides requested acme >=1.31.0\\n']",
  "1.32.0": "not solvable (<a href=\"https://github.com/regro/autotick-bot/actions/runs/3432024087\">bot CI job</a>): main: ['linux_64_python3.10.____cpython: Encountered problems while solving:\\n  - nothing provides requested acme >=1.32.0\\n', 'linux_64_python3.11.____cpython: Encountered problems while solving:\\n  - nothing provides requested acme >=1.32.0\\n', 'linux_64_python3.8.____cpython: Encountered problems while solving:\\n  - nothing provides requested acme >=1.32.0\\n', 'linux_64_python3.9.____cpython: Encountered problems while solving:\\n  - nothing provides requested acme >=1.32.0\\n', 'osx_64_python3.10.____cpython: Encountered problems while solving:\\n  - nothing provides requested acme >=1.32.0\\n', 'osx_64_python3.11.____cpython: Encountered problems while solving:\\n  - nothing provides requested acme >=1.32.0\\n', 'osx_64_python3.8.____cpython: Encountered problems while solving:\\n  - nothing provides requested acme >=1.32.0\\n', 'osx_64_python3.9.____cpython: Encountered problems while solving:\\n  - nothing provides requested acme >=1.32.0\\n', 'win_64_python3.10.____cpython: Encountered problems while solving:\\n  - nothing provides requested acme >=1.32.0\\n', 'win_64_python3.11.____cpython: Encountered problems while solving:\\n  - nothing provides requested acme >=1.32.0\\n', 'win_64_python3.8.____cpython: Encountered problems while solving:\\n  - nothing provides requested acme >=1.32.0\\n', 'win_64_python3.9.____cpython: Encountered problems while solving:\\n  - nothing provides requested acme >=1.32.0\\n']",
  "2.0.0": "not solvable (<a href=\"https://github.com/regro/autotick-bot/actions/runs/3553361967\">bot CI job</a>): main: ['linux_64_python3.10.____cpython: Encountered problems while solving:\\n  - nothing provides requested acme >=2.0.0\\n', 'linux_64_python3.11.____cpython: Encountered problems while solving:\\n  - nothing provides requested acme >=2.0.0\\n', 'linux_64_python3.8.____cpython: Encountered problems while solving:\\n  - nothing provides requested acme >=2.0.0\\n', 'linux_64_python3.9.____cpython: Encountered problems while solving:\\n  - nothing provides requested acme >=2.0.0\\n', 'osx_64_python3.10.____cpython: Encountered problems while solving:\\n  - nothing provides requested acme >=2.0.0\\n', 'osx_64_python3.11.____cpython: Encountered problems while solving:\\n  - nothing provides requested acme >=2.0.0\\n', 'osx_64_python3.8.____cpython: Encountered problems while solving:\\n  - nothing provides requested acme >=2.0.0\\n', 'osx_64_python3.9.____cpython: Encountered problems while solving:\\n  - nothing provides requested acme >=2.0.0\\n', 'win_64_python3.10.____cpython: Encountered problems while solving:\\n  - nothing provides requested acme >=2.0.0\\n', 'win_64_python3.11.____cpython: Encountered problems while solving:\\n  - nothing provides requested acme >=2.0.0\\n', 'win_64_python3.8.____cpython: Encountered problems while solving:\\n  - nothing provides requested acme >=2.0.0\\n', 'win_64_python3.9.____cpython: Encountered problems while solving:\\n  - nothing provides requested acme >=2.0.0\\n']",
  "2.1.0": "not solvable (<a href=\"https://github.com/regro/autotick-bot/actions/runs/3646991356\">bot CI job</a>): main: ['linux_64_python3.10.____cpython: Encountered problems while solving:\\n  - nothing provides requested acme >=2.1.0\\n', 'linux_64_python3.11.____cpython: Encountered problems while solving:\\n  - nothing provides requested acme >=2.1.0\\n', 'linux_64_python3.8.____cpython: Encountered problems while solving:\\n  - nothing provides requested acme >=2.1.0\\n', 'linux_64_python3.9.____cpython: Encountered problems while solving:\\n  - nothing provides requested acme >=2.1.0\\n', 'osx_64_python3.10.____cpython: Encountered problems while solving:\\n  - nothing provides requested acme >=2.1.0\\n', 'osx_64_python3.11.____cpython: Encountered problems while solving:\\n  - nothing provides requested acme >=2.1.0\\n', 'osx_64_python3.8.____cpython: Encountered problems while solving:\\n  - nothing provides requested acme >=2.1.0\\n', 'osx_64_python3.9.____cpython: Encountered problems while solving:\\n  - nothing provides requested acme >=2.1.0\\n', 'win_64_python3.10.____cpython: Encountered problems while solving:\\n  - nothing provides requested acme >=2.1.0\\n', 'win_64_python3.11.____cpython: Encountered problems while solving:\\n  - nothing provides requested acme >=2.1.0\\n', 'win_64_python3.8.____cpython: Encountered problems while solving:\\n  - nothing provides requested acme >=2.1.0\\n', 'win_64_python3.9.____cpython: Encountered problems while solving:\\n  - nothing provides requested acme >=2.1.0\\n']",
  "2.10.0": "not solvable (<a href='https://github.com/regro/cf-scripts/actions/runs/8566430388'>bot CI job</a>) @ main\n                <details>\n                <div align=\"left\">\n                <pre>\n                linux_64_: Could not solve for environment specs\nThe following package could not be installed\n\u2514\u2500 acme >=2.10.0  does not exist (perhaps a typo or a missing channel).\n                </pre>\n                </div>\n                </details>",
  "2.11.0": "bot error (<a href=\"https://github.com/regro/cf-scripts/actions/runs/9417900082\">bot CI job</a>): main: Traceback (most recent call last):\n  File \"/home/runner/work/cf-scripts/cf-scripts/cf-scripts/conda_forge_tick/git_utils.py\", line 161, in _run_git_command\n    return subprocess.run(\n           ^^^^^^^^^^^^^^^\n  File \"/home/runner/micromamba/envs/cf-scripts/lib/python3.11/subprocess.py\", line 571, in run\n    raise CalledProcessError(retcode, process.args,\nsubprocess.CalledProcessError: Command '['git', 'clone', '--quiet', 'git@github.com:regro-cf-autotick-bot/certbot-feedstock.git', PosixPath('feedstocks/certbot-feedstock')]' returned non-zero exit status 128.\n\nThe above exception was the direct cause of the following exception:\n\nTraceback (most recent call last):\n  File \"/home/runner/work/cf-scripts/cf-scripts/cf-scripts/conda_forge_tick/git_utils.py\", line 191, in clone_repo\n    self._run_git_command([\"clone\", \"--quiet\", origin_url, target_dir])\n  File \"/home/runner/micromamba/envs/cf-scripts/lib/python3.11/contextlib.py\", line 81, in inner\n    return func(*args, **kwds)\n           ^^^^^^^^^^^^^^^^^^^\n  File \"/home/runner/work/cf-scripts/cf-scripts/cf-scripts/conda_forge_tick/git_utils.py\", line 165, in _run_git_command\n    raise GitCliError(\"Error running git command.\") from e\nconda_forge_tick.git_utils.GitCliError: Error running git command.\n\nThe above exception was the direct cause of the following exception:\n\nTraceback (most recent call last):\n  File \"/home/runner/work/cf-scripts/cf-scripts/cf-scripts/conda_forge_tick/git_utils.py\", line 320, in clone_fork_and_branch\n    self.clone_repo(origin_url, target_dir)\n  File \"/home/runner/micromamba/envs/cf-scripts/lib/python3.11/contextlib.py\", line 81, in inner\n    return func(*args, **kwds)\n           ^^^^^^^^^^^^^^^^^^^\n  File \"/home/runner/work/cf-scripts/cf-scripts/cf-scripts/conda_forge_tick/git_utils.py\", line 193, in clone_repo\n    raise GitCliError(\nconda_forge_tick.git_utils.GitCliError: Error cloning repository from git@github.com:regro-cf-autotick-bot/certbot-feedstock.git. Does the repository exist? Is target_dir empty?\n\nDuring handling of the above exception, another exception occurred:\n\nTraceback (most recent call last):\n  File \"/home/runner/work/cf-scripts/cf-scripts/cf-scripts/conda_forge_tick/auto_tick.py\", line 566, in _run_migrator_on_feedstock_branch\n    migrator_uid, pr_json = run(\n                            ^^^^\n  File \"/home/runner/work/cf-scripts/cf-scripts/cf-scripts/conda_forge_tick/auto_tick.py\", line 196, in run\n    feedstock_dir, repo = get_repo(\n                          ^^^^^^^^^\n  File \"/home/runner/micromamba/envs/cf-scripts/lib/python3.11/contextlib.py\", line 81, in inner\n    return func(*args, **kwds)\n           ^^^^^^^^^^^^^^^^^^^\n  File \"/home/runner/work/cf-scripts/cf-scripts/cf-scripts/conda_forge_tick/git_utils.py\", line 744, in get_repo\n    backend.clone_fork_and_branch(\n  File \"/home/runner/micromamba/envs/cf-scripts/lib/python3.11/contextlib.py\", line 81, in inner\n    return func(*args, **kwds)\n           ^^^^^^^^^^^^^^^^^^^\n  File \"/home/runner/work/cf-scripts/cf-scripts/cf-scripts/conda_forge_tick/git_utils.py\", line 459, in clone_fork_and_branch\n    self.cli.clone_fork_and_branch(\n  File \"/home/runner/micromamba/envs/cf-scripts/lib/python3.11/contextlib.py\", line 81, in inner\n    return func(*args, **kwds)\n           ^^^^^^^^^^^^^^^^^^^\n  File \"/home/runner/work/cf-scripts/cf-scripts/cf-scripts/conda_forge_tick/git_utils.py\", line 323, in clone_fork_and_branch\n    raise GitCliError(\nconda_forge_tick.git_utils.GitCliError: Could not clone git@github.com:regro-cf-autotick-bot/certbot-feedstock.git - does the remote exist?\n",
  "2.2.0": "not solvable (<a href=\"https://github.com/regro/autotick-bot/actions/runs/3914054607\">bot CI job</a>): main: ['linux_64_: Encountered problems while solving:\\n  - nothing provides requested acme >=2.2.0\\n']",
  "2.3.0": "not solvable (<a href=\"https://github.com/regro/autotick-bot/actions/runs/4183377649\">bot CI job</a>): main: ['linux_64_: Encountered problems while solving:\\n  - nothing provides requested acme >=2.3.0\\n']",
  "2.4.0": "not solvable (<a href=\"https://github.com/regro/cf-scripts/actions/runs/4390181952\">bot CI job</a>): main: ['linux_64_: Encountered problems while solving:\\n  - nothing provides requested acme >=2.4.0\\n']",
  "2.5.0": "not solvable (<a href=\"https://github.com/regro/cf-scripts/actions/runs/4796881798\">bot CI job</a>): main: ['linux_64_: Encountered problems while solving:\\n  - nothing provides requested acme >=2.5.0\\n']",
  "2.6.0": "not solvable (<a href=\"https://github.com/regro/cf-scripts/actions/runs/4961779233\">bot CI job</a>): main: ['linux_64_: Encountered problems while solving:\\n  - nothing provides requested acme >=2.6.0\\n']",
  "2.7.0": "not solvable (<a href=\"https://github.com/regro/cf-scripts/actions/runs/6454583397\">bot CI job</a>): main: ['linux_64_: Could not solve for environment specs\\nThe following package could not be installed\\n\u2514\u2500 acme >=2.7.0  does not exist (perhaps a typo or a missing channel).']",
  "2.7.1": "not solvable (<a href=\"https://github.com/regro/cf-scripts/actions/runs/6473553053\">bot CI job</a>): main: ['linux_64_: Could not solve for environment specs\\nThe following package could not be installed\\n\u2514\u2500 acme >=2.7.1  does not exist (perhaps a typo or a missing channel).']",
  "2.7.2": "not solvable (<a href='https://github.com/regro/cf-scripts/actions/runs/6599339975'>bot CI job</a>) @ main\n                <details>\n                <div align=\"left\">\n                <pre>\n                linux_64_: Could not solve for environment specs\nThe following package could not be installed\n\u2514\u2500 acme >=2.7.2  does not exist (perhaps a typo or a missing channel).\n                </pre>\n                </div>\n                </details>",
  "2.7.3": "not solvable (<a href='https://github.com/regro/cf-scripts/actions/runs/6682985327'>bot CI job</a>) @ main\n                <details>\n                <div align=\"left\">\n                <pre>\n                linux_64_: Could not solve for environment specs\nThe following package could not be installed\n\u2514\u2500 acme >=2.7.3  does not exist (perhaps a typo or a missing channel).\n                </pre>\n                </div>\n                </details>",
  "2.7.4": "not solvable (<a href='https://github.com/regro/cf-scripts/actions/runs/6723764706'>bot CI job</a>) @ main\n                <details>\n                <div align=\"left\">\n                <pre>\n                linux_64_: Could not solve for environment specs\nThe following package could not be installed\n\u2514\u2500 acme >=2.7.4  does not exist (perhaps a typo or a missing channel).\n                </pre>\n                </div>\n                </details>",
  "2.8.0": "not solvable (<a href='https://github.com/regro/cf-scripts/actions/runs/7323309641'>bot CI job</a>) @ main\n                <details>\n                <div align=\"left\">\n                <pre>\n                linux_64_: Could not solve for environment specs\nThe following package could not be installed\n\u2514\u2500 acme >=2.8.0  does not exist (perhaps a typo or a missing channel).\n                </pre>\n                </div>\n                </details>",
  "2.9.0": "not solvable (<a href='https://github.com/regro/cf-scripts/actions/runs/8520373253'>bot CI job</a>) @ main\n                <details>\n                <div align=\"left\">\n                <pre>\n                linux_64_: Could not solve for environment specs\nThe following package could not be installed\n\u2514\u2500 acme >=2.9.0  does not exist (perhaps a typo or a missing channel).\n                </pre>\n                </div>\n                </details>"
 }
}