{
 "bad": false,
 "new_version": "8.4.0",
 "new_version_attempts": {
  "8.0.20": 1,
  "8.0.21": 1,
  "8.0.22": 1,
  "8.0.23": 2,
  "8.0.24": 2,
  "8.0.25": 1,
  "8.0.26": 5,
  "8.0.28": 1,
  "8.0.29": 4.0,
  "8.0.30": 5.200000000000002,
  "8.0.31": 1.9999999999999998,
  "8.0.32": 4.600000000000001,
  "8.0.33": 4.800000000000002,
  "8.1.0": 5.800000000000003,
  "8.2.0": 9.399999999999995,
  "8.3.0": 5.000000000000003,
  "8.4.0": 16
 },
 "new_version_errors": {
  "8.0.26": "The recipe did not change in the version migration, a URL did not hash, or there is jinja2 syntax the bot cannot handle!\n\nPlease check the URLs in your recipe with version '8.0.26' to make sure they exist!\n\nWe also found the following errors:\n\n - migrations do not work on `git_url`s\n",
  "8.0.29": "not solvable (<a href=\"https://github.com/regro/autotick-bot/actions/runs/2248865217\">bot CI job</a>): main: [\"TypeError('__init__(): incompatible constructor arguments. The following argument types are supported:\\\\n    1. libmambapy.bindings.Transaction(arg0: mamba::MSolver, arg1: libmambapy.bindings.MultiPackageCache, arg2: List[libmambapy.bindings.Repo])\\\\n\\\\nInvoked with: <libmambapy.bindings.Solver object at 0x7f6e8e238330>, <libmambapy.bindings.MultiPackageCache object at 0x7f6f2346c070>')\"]",
  "8.0.30": "not solvable (<a href=\"https://github.com/regro/autotick-bot/actions/runs/2780883216\">bot CI job</a>): main: ['linux_64_python3.10.____cpython: Encountered problems while solving:\\n  - nothing provides requested mysql-devel 8.0.30.*\\n', 'linux_64_python3.7.____cpython: Encountered problems while solving:\\n  - nothing provides requested mysql-devel 8.0.30.*\\n', 'linux_64_python3.8.____73_pypy: Encountered problems while solving:\\n  - nothing provides requested mysql-devel 8.0.30.*\\n', 'linux_64_python3.8.____cpython: Encountered problems while solving:\\n  - nothing provides requested mysql-devel 8.0.30.*\\n', 'linux_64_python3.9.____73_pypy: Encountered problems while solving:\\n  - nothing provides requested mysql-devel 8.0.30.*\\n', 'linux_64_python3.9.____cpython: Encountered problems while solving:\\n  - nothing provides requested mysql-devel 8.0.30.*\\n', 'linux_aarch64_python3.10.____cpython: Encountered problems while solving:\\n  - nothing provides requested mysql-devel 8.0.30.*\\n', 'linux_aarch64_python3.7.____cpython: Encountered problems while solving:\\n  - nothing provides requested mysql-devel 8.0.30.*\\n', 'linux_aarch64_python3.8.____73_pypy: Encountered problems while solving:\\n  - nothing provides requested mysql-devel 8.0.30.*\\n', 'linux_aarch64_python3.8.____cpython: Encountered problems while solving:\\n  - nothing provides requested mysql-devel 8.0.30.*\\n', 'linux_aarch64_python3.9.____73_pypy: Encountered problems while solving:\\n  - nothing provides requested mysql-devel 8.0.30.*\\n', 'linux_aarch64_python3.9.____cpython: Encountered problems while solving:\\n  - nothing provides requested mysql-devel 8.0.30.*\\n', 'osx_64_python3.10.____cpython: Encountered problems while solving:\\n  - nothing provides requested mysql-devel 8.0.30.*\\n', 'osx_64_python3.7.____cpython: Encountered problems while solving:\\n  - nothing provides requested mysql-devel 8.0.30.*\\n', 'osx_64_python3.8.____73_pypy: Encountered problems while solving:\\n  - nothing provides requested mysql-devel 8.0.30.*\\n', 'osx_64_python3.8.____cpython: Encountered problems while solving:\\n  - nothing provides requested mysql-devel 8.0.30.*\\n', 'osx_64_python3.9.____73_pypy: Encountered problems while solving:\\n  - nothing provides requested mysql-devel 8.0.30.*\\n', 'osx_64_python3.9.____cpython: Encountered problems while solving:\\n  - nothing provides requested mysql-devel 8.0.30.*\\n', 'osx_arm64_python3.10.____cpython: Encountered problems while solving:\\n  - nothing provides requested mysql-devel 8.0.30.*\\n', 'osx_arm64_python3.8.____cpython: Encountered problems while solving:\\n  - nothing provides requested mysql-devel 8.0.30.*\\n', 'osx_arm64_python3.9.____cpython: Encountered problems while solving:\\n  - nothing provides requested mysql-devel 8.0.30.*\\n', 'win_64_python3.10.____cpython: Encountered problems while solving:\\n  - nothing provides requested mysql-devel 8.0.30.*\\n', 'win_64_python3.7.____cpython: Encountered problems while solving:\\n  - nothing provides requested mysql-devel 8.0.30.*\\n', 'win_64_python3.8.____73_pypy: Encountered problems while solving:\\n  - nothing provides requested mysql-devel 8.0.30.*\\n', 'win_64_python3.8.____cpython: Encountered problems while solving:\\n  - nothing provides requested mysql-devel 8.0.30.*\\n', 'win_64_python3.9.____73_pypy: Encountered problems while solving:\\n  - nothing provides requested mysql-devel 8.0.30.*\\n', 'win_64_python3.9.____cpython: Encountered problems while solving:\\n  - nothing provides requested mysql-devel 8.0.30.*\\n']",
  "8.0.31": "not solvable (<a href=\"https://github.com/regro/autotick-bot/actions/runs/3233209045\">bot CI job</a>): main: ['linux_64_python3.10.____cpython: Encountered problems while solving:\\n  - nothing provides requested mysql-devel 8.0.31.*\\n', 'linux_64_python3.7.____cpython: Encountered problems while solving:\\n  - nothing provides requested mysql-devel 8.0.31.*\\n', 'linux_64_python3.8.____73_pypy: Encountered problems while solving:\\n  - nothing provides requested mysql-devel 8.0.31.*\\n', 'linux_64_python3.8.____cpython: Encountered problems while solving:\\n  - nothing provides requested mysql-devel 8.0.31.*\\n', 'linux_64_python3.9.____73_pypy: Encountered problems while solving:\\n  - nothing provides requested mysql-devel 8.0.31.*\\n', 'linux_64_python3.9.____cpython: Encountered problems while solving:\\n  - nothing provides requested mysql-devel 8.0.31.*\\n', 'linux_aarch64_python3.10.____cpython: Encountered problems while solving:\\n  - nothing provides requested mysql-devel 8.0.31.*\\n', 'linux_aarch64_python3.7.____cpython: Encountered problems while solving:\\n  - nothing provides requested mysql-devel 8.0.31.*\\n', 'linux_aarch64_python3.8.____73_pypy: Encountered problems while solving:\\n  - nothing provides requested mysql-devel 8.0.31.*\\n', 'linux_aarch64_python3.8.____cpython: Encountered problems while solving:\\n  - nothing provides requested mysql-devel 8.0.31.*\\n', 'linux_aarch64_python3.9.____73_pypy: Encountered problems while solving:\\n  - nothing provides requested mysql-devel 8.0.31.*\\n', 'linux_aarch64_python3.9.____cpython: Encountered problems while solving:\\n  - nothing provides requested mysql-devel 8.0.31.*\\n', 'osx_64_python3.10.____cpython: Encountered problems while solving:\\n  - nothing provides requested mysql-devel 8.0.31.*\\n', 'osx_64_python3.7.____cpython: Encountered problems while solving:\\n  - nothing provides requested mysql-devel 8.0.31.*\\n', 'osx_64_python3.8.____73_pypy: Encountered problems while solving:\\n  - nothing provides requested mysql-devel 8.0.31.*\\n', 'osx_64_python3.8.____cpython: Encountered problems while solving:\\n  - nothing provides requested mysql-devel 8.0.31.*\\n', 'osx_64_python3.9.____73_pypy: Encountered problems while solving:\\n  - nothing provides requested mysql-devel 8.0.31.*\\n', 'osx_64_python3.9.____cpython: Encountered problems while solving:\\n  - nothing provides requested mysql-devel 8.0.31.*\\n', 'osx_arm64_python3.10.____cpython: Encountered problems while solving:\\n  - nothing provides requested mysql-devel 8.0.31.*\\n', 'osx_arm64_python3.8.____cpython: Encountered problems while solving:\\n  - nothing provides requested mysql-devel 8.0.31.*\\n', 'osx_arm64_python3.9.____cpython: Encountered problems while solving:\\n  - nothing provides requested mysql-devel 8.0.31.*\\n', 'win_64_python3.10.____cpython: Encountered problems while solving:\\n  - nothing provides requested mysql-devel 8.0.31.*\\n', 'win_64_python3.7.____cpython: Encountered problems while solving:\\n  - nothing provides requested mysql-devel 8.0.31.*\\n', 'win_64_python3.8.____73_pypy: Encountered problems while solving:\\n  - nothing provides requested mysql-devel 8.0.31.*\\n', 'win_64_python3.8.____cpython: Encountered problems while solving:\\n  - nothing provides requested mysql-devel 8.0.31.*\\n', 'win_64_python3.9.____73_pypy: Encountered problems while solving:\\n  - nothing provides requested mysql-devel 8.0.31.*\\n', 'win_64_python3.9.____cpython: Encountered problems while solving:\\n  - nothing provides requested mysql-devel 8.0.31.*\\n']",
  "8.0.32": "not solvable (<a href=\"https://github.com/regro/autotick-bot/actions/runs/4155155753\">bot CI job</a>): main: ['osx_64_python3.10.____cpython: Encountered problems while solving:\\n  - nothing provides requested mysql-devel 8.0.32.*\\n', 'osx_64_python3.11.____cpython: Encountered problems while solving:\\n  - nothing provides requested mysql-devel 8.0.32.*\\n', 'osx_64_python3.8.____73_pypy: Encountered problems while solving:\\n  - nothing provides requested mysql-devel 8.0.32.*\\n', 'osx_64_python3.8.____cpython: Encountered problems while solving:\\n  - nothing provides requested mysql-devel 8.0.32.*\\n', 'osx_64_python3.9.____73_pypy: Encountered problems while solving:\\n  - nothing provides requested mysql-devel 8.0.32.*\\n', 'osx_64_python3.9.____cpython: Encountered problems while solving:\\n  - nothing provides requested mysql-devel 8.0.32.*\\n', 'osx_arm64_python3.10.____cpython: Encountered problems while solving:\\n  - nothing provides requested mysql-devel 8.0.32.*\\n', 'osx_arm64_python3.11.____cpython: Encountered problems while solving:\\n  - nothing provides requested mysql-devel 8.0.32.*\\n', 'osx_arm64_python3.8.____cpython: Encountered problems while solving:\\n  - nothing provides requested mysql-devel 8.0.32.*\\n', 'osx_arm64_python3.9.____cpython: Encountered problems while solving:\\n  - nothing provides requested mysql-devel 8.0.32.*\\n', 'win_64_python3.10.____cpython: Encountered problems while solving:\\n  - nothing provides requested mysql-devel 8.0.32.*\\n', 'win_64_python3.11.____cpython: Encountered problems while solving:\\n  - nothing provides requested mysql-devel 8.0.32.*\\n', 'win_64_python3.8.____73_pypy: Encountered problems while solving:\\n  - nothing provides requested mysql-devel 8.0.32.*\\n', 'win_64_python3.8.____cpython: Encountered problems while solving:\\n  - nothing provides requested mysql-devel 8.0.32.*\\n', 'win_64_python3.9.____73_pypy: Encountered problems while solving:\\n  - nothing provides requested mysql-devel 8.0.32.*\\n', 'win_64_python3.9.____cpython: Encountered problems while solving:\\n  - nothing provides requested mysql-devel 8.0.32.*\\n']",
  "8.0.33": "not solvable (<a href=\"https://github.com/regro/cf-scripts/actions/runs/5203971180\">bot CI job</a>): main: ['linux_64_python3.10.____cpython: Encountered problems while solving:\\n  - nothing provides requested mysql-devel 8.0.33.*\\n', 'linux_64_python3.11.____cpython: Encountered problems while solving:\\n  - nothing provides requested mysql-devel 8.0.33.*\\n', 'linux_64_python3.8.____73_pypy: Encountered problems while solving:\\n  - nothing provides requested mysql-devel 8.0.33.*\\n', 'linux_64_python3.8.____cpython: Encountered problems while solving:\\n  - nothing provides requested mysql-devel 8.0.33.*\\n', 'linux_64_python3.9.____73_pypy: Encountered problems while solving:\\n  - nothing provides requested mysql-devel 8.0.33.*\\n', 'linux_64_python3.9.____cpython: Encountered problems while solving:\\n  - nothing provides requested mysql-devel 8.0.33.*\\n', 'linux_aarch64_python3.10.____cpython: Encountered problems while solving:\\n  - nothing provides requested mysql-devel 8.0.33.*\\n', 'linux_aarch64_python3.11.____cpython: Encountered problems while solving:\\n  - nothing provides requested mysql-devel 8.0.33.*\\n', 'linux_aarch64_python3.8.____73_pypy: Encountered problems while solving:\\n  - nothing provides requested mysql-devel 8.0.33.*\\n', 'linux_aarch64_python3.8.____cpython: Encountered problems while solving:\\n  - nothing provides requested mysql-devel 8.0.33.*\\n', 'linux_aarch64_python3.9.____73_pypy: Encountered problems while solving:\\n  - nothing provides requested mysql-devel 8.0.33.*\\n', 'linux_aarch64_python3.9.____cpython: Encountered problems while solving:\\n  - nothing provides requested mysql-devel 8.0.33.*\\n', 'linux_ppc64le_python3.10.____cpython: Encountered problems while solving:\\n  - nothing provides requested mysql-devel 8.0.33.*\\n', 'linux_ppc64le_python3.11.____cpython: Encountered problems while solving:\\n  - nothing provides requested mysql-devel 8.0.33.*\\n', 'linux_ppc64le_python3.8.____73_pypy: Encountered problems while solving:\\n  - nothing provides requested mysql-devel 8.0.33.*\\n', 'linux_ppc64le_python3.8.____cpython: Encountered problems while solving:\\n  - nothing provides requested mysql-devel 8.0.33.*\\n', 'linux_ppc64le_python3.9.____73_pypy: Encountered problems while solving:\\n  - nothing provides requested mysql-devel 8.0.33.*\\n', 'linux_ppc64le_python3.9.____cpython: Encountered problems while solving:\\n  - nothing provides requested mysql-devel 8.0.33.*\\n', 'osx_64_python3.10.____cpython: Encountered problems while solving:\\n  - nothing provides requested mysql-devel 8.0.33.*\\n', 'osx_64_python3.11.____cpython: Encountered problems while solving:\\n  - nothing provides requested mysql-devel 8.0.33.*\\n', 'osx_64_python3.8.____73_pypy: Encountered problems while solving:\\n  - nothing provides requested mysql-devel 8.0.33.*\\n', 'osx_64_python3.8.____cpython: Encountered problems while solving:\\n  - nothing provides requested mysql-devel 8.0.33.*\\n', 'osx_64_python3.9.____73_pypy: Encountered problems while solving:\\n  - nothing provides requested mysql-devel 8.0.33.*\\n', 'osx_64_python3.9.____cpython: Encountered problems while solving:\\n  - nothing provides requested mysql-devel 8.0.33.*\\n', 'osx_arm64_python3.10.____cpython: Encountered problems while solving:\\n  - nothing provides requested mysql-devel 8.0.33.*\\n', 'osx_arm64_python3.11.____cpython: Encountered problems while solving:\\n  - nothing provides requested mysql-devel 8.0.33.*\\n', 'osx_arm64_python3.8.____cpython: Encountered problems while solving:\\n  - nothing provides requested mysql-devel 8.0.33.*\\n', 'osx_arm64_python3.9.____cpython: Encountered problems while solving:\\n  - nothing provides requested mysql-devel 8.0.33.*\\n', 'win_64_python3.10.____cpython: Encountered problems while solving:\\n  - nothing provides requested mysql-devel 8.0.33.*\\n', 'win_64_python3.11.____cpython: Encountered problems while solving:\\n  - nothing provides requested mysql-devel 8.0.33.*\\n', 'win_64_python3.8.____73_pypy: Encountered problems while solving:\\n  - nothing provides requested mysql-devel 8.0.33.*\\n', 'win_64_python3.8.____cpython: Encountered problems while solving:\\n  - nothing provides requested mysql-devel 8.0.33.*\\n', 'win_64_python3.9.____73_pypy: Encountered problems while solving:\\n  - nothing provides requested mysql-devel 8.0.33.*\\n', 'win_64_python3.9.____cpython: Encountered problems while solving:\\n  - nothing provides requested mysql-devel 8.0.33.*\\n']",
  "8.1.0": "not solvable (<a href='https://github.com/regro/cf-scripts/actions/runs/6603211220'>bot CI job</a>) @ main\n                <details>\n                <div align=\"left\">\n                <pre>\n                linux_64_python3.10.____cpython: Could not solve for environment specs\nThe following package could not be installed\n\u2514\u2500 mysql-devel 8.1.0.*  does not exist (perhaps a typo or a missing channel).</pre><pre>linux_64_python3.11.____cpython: Could not solve for environment specs\nThe following package could not be installed\n\u2514\u2500 mysql-devel 8.1.0.*  does not exist (perhaps a typo or a missing channel).</pre><pre>linux_64_python3.8.____cpython: Could not solve for environment specs\nThe following package could not be installed\n\u2514\u2500 mysql-devel 8.1.0.*  does not exist (perhaps a typo or a missing channel).</pre><pre>linux_64_python3.9.____73_pypy: Could not solve for environment specs\nThe following package could not be installed\n\u2514\u2500 mysql-devel 8.1.0.*  does not exist (perhaps a typo or a missing channel).</pre><pre>linux_64_python3.9.____cpython: Could not solve for environment specs\nThe following package could not be installed\n\u2514\u2500 mysql-devel 8.1.0.*  does not exist (perhaps a typo or a missing channel).</pre><pre>linux_aarch64_python3.10.____cpython: Could not solve for environment specs\nThe following package could not be installed\n\u2514\u2500 mysql-devel 8.1.0.*  does not exist (perhaps a typo or a missing channel).</pre><pre>linux_aarch64_python3.11.____cpython: Could not solve for environment specs\nThe following package could not be installed\n\u2514\u2500 mysql-devel 8.1.0.*  does not exist (perhaps a typo or a missing channel).</pre><pre>linux_aarch64_python3.8.____cpython: Could not solve for environment specs\nThe following package could not be installed\n\u2514\u2500 mysql-devel 8.1.0.*  does not exist (perhaps a typo or a missing channel).</pre><pre>linux_aarch64_python3.9.____73_pypy: Could not solve for environment specs\nThe following package could not be installed\n\u2514\u2500 mysql-devel 8.1.0.*  does not exist (perhaps a typo or a missing channel).</pre><pre>linux_aarch64_python3.9.____cpython: Could not solve for environment specs\nThe following package could not be installed\n\u2514\u2500 mysql-devel 8.1.0.*  does not exist (perhaps a typo or a missing channel).</pre><pre>linux_ppc64le_python3.10.____cpython: Could not solve for environment specs\nThe following package could not be installed\n\u2514\u2500 mysql-devel 8.1.0.*  does not exist (perhaps a typo or a missing channel).</pre><pre>linux_ppc64le_python3.11.____cpython: Could not solve for environment specs\nThe following package could not be installed\n\u2514\u2500 mysql-devel 8.1.0.*  does not exist (perhaps a typo or a missing channel).</pre><pre>linux_ppc64le_python3.8.____cpython: Could not solve for environment specs\nThe following package could not be installed\n\u2514\u2500 mysql-devel 8.1.0.*  does not exist (perhaps a typo or a missing channel).</pre><pre>linux_ppc64le_python3.9.____73_pypy: Could not solve for environment specs\nThe following package could not be installed\n\u2514\u2500 mysql-devel 8.1.0.*  does not exist (perhaps a typo or a missing channel).</pre><pre>linux_ppc64le_python3.9.____cpython: Could not solve for environment specs\nThe following package could not be installed\n\u2514\u2500 mysql-devel 8.1.0.*  does not exist (perhaps a typo or a missing channel).</pre><pre>osx_64_python3.10.____cpython: Could not solve for environment specs\nThe following package could not be installed\n\u2514\u2500 mysql-devel 8.1.0.*  does not exist (perhaps a typo or a missing channel).</pre><pre>osx_64_python3.11.____cpython: Could not solve for environment specs\nThe following package could not be installed\n\u2514\u2500 mysql-devel 8.1.0.*  does not exist (perhaps a typo or a missing channel).</pre><pre>osx_64_python3.8.____cpython: Could not solve for environment specs\nThe following package could not be installed\n\u2514\u2500 mysql-devel 8.1.0.*  does not exist (perhaps a typo or a missing channel).</pre><pre>osx_64_python3.9.____73_pypy: Could not solve for environment specs\nThe following package could not be installed\n\u2514\u2500 mysql-devel 8.1.0.*  does not exist (perhaps a typo or a missing channel).</pre><pre>osx_64_python3.9.____cpython: Could not solve for environment specs\nThe following package could not be installed\n\u2514\u2500 mysql-devel 8.1.0.*  does not exist (perhaps a typo or a missing channel).</pre><pre>osx_arm64_python3.10.____cpython: Could not solve for environment specs\nThe following package could not be installed\n\u2514\u2500 mysql-devel 8.1.0.*  does not exist (perhaps a typo or a missing channel).</pre><pre>osx_arm64_python3.11.____cpython: Could not solve for environment specs\nThe following package could not be installed\n\u2514\u2500 mysql-devel 8.1.0.*  does not exist (perhaps a typo or a missing channel).</pre><pre>osx_arm64_python3.8.____cpython: Could not solve for environment specs\nThe following package could not be installed\n\u2514\u2500 mysql-devel 8.1.0.*  does not exist (perhaps a typo or a missing channel).</pre><pre>osx_arm64_python3.9.____cpython: Could not solve for environment specs\nThe following package could not be installed\n\u2514\u2500 mysql-devel 8.1.0.*  does not exist (perhaps a typo or a missing channel).</pre><pre>win_64_python3.10.____cpython: Could not solve for environment specs\nThe following package could not be installed\n\u2514\u2500 mysql-devel 8.1.0.*  does not exist (perhaps a typo or a missing channel).</pre><pre>win_64_python3.11.____cpython: Could not solve for environment specs\nThe following package could not be installed\n\u2514\u2500 mysql-devel 8.1.0.*  does not exist (perhaps a typo or a missing channel).</pre><pre>win_64_python3.8.____cpython: Could not solve for environment specs\nThe following package could not be installed\n\u2514\u2500 mysql-devel 8.1.0.*  does not exist (perhaps a typo or a missing channel).</pre><pre>win_64_python3.9.____73_pypy: Could not solve for environment specs\nThe following package could not be installed\n\u2514\u2500 mysql-devel 8.1.0.*  does not exist (perhaps a typo or a missing channel).</pre><pre>win_64_python3.9.____cpython: Could not solve for environment specs\nThe following package could not be installed\n\u2514\u2500 mysql-devel 8.1.0.*  does not exist (perhaps a typo or a missing channel).\n                </pre>\n                </div>\n                </details>",
  "8.2.0": "not solvable (<a href='https://github.com/regro/cf-scripts/actions/runs/7522434066'>bot CI job</a>) @ main\n                <details>\n                <div align=\"left\">\n                <pre>\n                linux_64_python3.10.____cpython: Could not solve for environment specs\nThe following package could not be installed\n\u2514\u2500 mysql-devel 8.2.0.*  does not exist (perhaps a typo or a missing channel).</pre><pre>linux_64_python3.11.____cpython: Could not solve for environment specs\nThe following package could not be installed\n\u2514\u2500 mysql-devel 8.2.0.*  does not exist (perhaps a typo or a missing channel).</pre><pre>linux_64_python3.8.____cpython: Could not solve for environment specs\nThe following package could not be installed\n\u2514\u2500 mysql-devel 8.2.0.*  does not exist (perhaps a typo or a missing channel).</pre><pre>linux_64_python3.9.____73_pypy: Could not solve for environment specs\nThe following package could not be installed\n\u2514\u2500 mysql-devel 8.2.0.*  does not exist (perhaps a typo or a missing channel).</pre><pre>linux_64_python3.9.____cpython: Could not solve for environment specs\nThe following package could not be installed\n\u2514\u2500 mysql-devel 8.2.0.*  does not exist (perhaps a typo or a missing channel).</pre><pre>linux_aarch64_python3.10.____cpython: Could not solve for environment specs\nThe following package could not be installed\n\u2514\u2500 mysql-devel 8.2.0.*  does not exist (perhaps a typo or a missing channel).</pre><pre>linux_aarch64_python3.11.____cpython: Could not solve for environment specs\nThe following package could not be installed\n\u2514\u2500 mysql-devel 8.2.0.*  does not exist (perhaps a typo or a missing channel).</pre><pre>linux_aarch64_python3.8.____cpython: Could not solve for environment specs\nThe following package could not be installed\n\u2514\u2500 mysql-devel 8.2.0.*  does not exist (perhaps a typo or a missing channel).</pre><pre>linux_aarch64_python3.9.____73_pypy: Could not solve for environment specs\nThe following package could not be installed\n\u2514\u2500 mysql-devel 8.2.0.*  does not exist (perhaps a typo or a missing channel).</pre><pre>linux_aarch64_python3.9.____cpython: Could not solve for environment specs\nThe following package could not be installed\n\u2514\u2500 mysql-devel 8.2.0.*  does not exist (perhaps a typo or a missing channel).</pre><pre>linux_ppc64le_python3.10.____cpython: Could not solve for environment specs\nThe following package could not be installed\n\u2514\u2500 mysql-devel 8.2.0.*  does not exist (perhaps a typo or a missing channel).</pre><pre>linux_ppc64le_python3.11.____cpython: Could not solve for environment specs\nThe following package could not be installed\n\u2514\u2500 mysql-devel 8.2.0.*  does not exist (perhaps a typo or a missing channel).</pre><pre>linux_ppc64le_python3.8.____cpython: Could not solve for environment specs\nThe following package could not be installed\n\u2514\u2500 mysql-devel 8.2.0.*  does not exist (perhaps a typo or a missing channel).</pre><pre>linux_ppc64le_python3.9.____73_pypy: Could not solve for environment specs\nThe following package could not be installed\n\u2514\u2500 mysql-devel 8.2.0.*  does not exist (perhaps a typo or a missing channel).</pre><pre>linux_ppc64le_python3.9.____cpython: Could not solve for environment specs\nThe following package could not be installed\n\u2514\u2500 mysql-devel 8.2.0.*  does not exist (perhaps a typo or a missing channel).</pre><pre>osx_64_python3.10.____cpython: Could not solve for environment specs\nThe following package could not be installed\n\u2514\u2500 mysql-devel 8.2.0.*  does not exist (perhaps a typo or a missing channel).</pre><pre>osx_64_python3.11.____cpython: Could not solve for environment specs\nThe following package could not be installed\n\u2514\u2500 mysql-devel 8.2.0.*  does not exist (perhaps a typo or a missing channel).</pre><pre>osx_64_python3.8.____cpython: Could not solve for environment specs\nThe following package could not be installed\n\u2514\u2500 mysql-devel 8.2.0.*  does not exist (perhaps a typo or a missing channel).</pre><pre>osx_64_python3.9.____73_pypy: Could not solve for environment specs\nThe following package could not be installed\n\u2514\u2500 mysql-devel 8.2.0.*  does not exist (perhaps a typo or a missing channel).</pre><pre>osx_64_python3.9.____cpython: Could not solve for environment specs\nThe following package could not be installed\n\u2514\u2500 mysql-devel 8.2.0.*  does not exist (perhaps a typo or a missing channel).</pre><pre>osx_arm64_python3.10.____cpython: Could not solve for environment specs\nThe following package could not be installed\n\u2514\u2500 mysql-devel 8.2.0.*  does not exist (perhaps a typo or a missing channel).</pre><pre>osx_arm64_python3.11.____cpython: Could not solve for environment specs\nThe following package could not be installed\n\u2514\u2500 mysql-devel 8.2.0.*  does not exist (perhaps a typo or a missing channel).</pre><pre>osx_arm64_python3.8.____cpython: Could not solve for environment specs\nThe following package could not be installed\n\u2514\u2500 mysql-devel 8.2.0.*  does not exist (perhaps a typo or a missing channel).</pre><pre>osx_arm64_python3.9.____cpython: Could not solve for environment specs\nThe following package could not be installed\n\u2514\u2500 mysql-devel 8.2.0.*  does not exist (perhaps a typo or a missing channel).</pre><pre>win_64_python3.10.____cpython: Could not solve for environment specs\nThe following package could not be installed\n\u2514\u2500 mysql-devel 8.2.0.*  does not exist (perhaps a typo or a missing channel).</pre><pre>win_64_python3.11.____cpython: Could not solve for environment specs\nThe following package could not be installed\n\u2514\u2500 mysql-devel 8.2.0.*  does not exist (perhaps a typo or a missing channel).</pre><pre>win_64_python3.8.____cpython: Could not solve for environment specs\nThe following package could not be installed\n\u2514\u2500 mysql-devel 8.2.0.*  does not exist (perhaps a typo or a missing channel).</pre><pre>win_64_python3.9.____73_pypy: Could not solve for environment specs\nThe following package could not be installed\n\u2514\u2500 mysql-devel 8.2.0.*  does not exist (perhaps a typo or a missing channel).</pre><pre>win_64_python3.9.____cpython: Could not solve for environment specs\nThe following package could not be installed\n\u2514\u2500 mysql-devel 8.2.0.*  does not exist (perhaps a typo or a missing channel).\n                </pre>\n                </div>\n                </details>",
  "8.3.0": "not solvable (<a href='https://github.com/regro/cf-scripts/actions/runs/7955555187'>bot CI job</a>) @ main\n                <details>\n                <div align=\"left\">\n                <pre>\n                linux_64_python3.10.____cpython: Could not solve for environment specs\nThe following package could not be installed\n\u2514\u2500 mysql-devel 8.3.0.*  does not exist (perhaps a typo or a missing channel).</pre><pre>linux_64_python3.11.____cpython: Could not solve for environment specs\nThe following package could not be installed\n\u2514\u2500 mysql-devel 8.3.0.*  does not exist (perhaps a typo or a missing channel).</pre><pre>linux_64_python3.8.____cpython: Could not solve for environment specs\nThe following package could not be installed\n\u2514\u2500 mysql-devel 8.3.0.*  does not exist (perhaps a typo or a missing channel).</pre><pre>linux_64_python3.9.____73_pypy: Could not solve for environment specs\nThe following package could not be installed\n\u2514\u2500 mysql-devel 8.3.0.*  does not exist (perhaps a typo or a missing channel).</pre><pre>linux_64_python3.9.____cpython: Could not solve for environment specs\nThe following package could not be installed\n\u2514\u2500 mysql-devel 8.3.0.*  does not exist (perhaps a typo or a missing channel).</pre><pre>linux_aarch64_python3.10.____cpython: Could not solve for environment specs\nThe following package could not be installed\n\u2514\u2500 mysql-devel 8.3.0.*  does not exist (perhaps a typo or a missing channel).</pre><pre>linux_aarch64_python3.11.____cpython: Could not solve for environment specs\nThe following package could not be installed\n\u2514\u2500 mysql-devel 8.3.0.*  does not exist (perhaps a typo or a missing channel).</pre><pre>linux_aarch64_python3.8.____cpython: Could not solve for environment specs\nThe following package could not be installed\n\u2514\u2500 mysql-devel 8.3.0.*  does not exist (perhaps a typo or a missing channel).</pre><pre>linux_aarch64_python3.9.____73_pypy: Could not solve for environment specs\nThe following package could not be installed\n\u2514\u2500 mysql-devel 8.3.0.*  does not exist (perhaps a typo or a missing channel).</pre><pre>linux_aarch64_python3.9.____cpython: Could not solve for environment specs\nThe following package could not be installed\n\u2514\u2500 mysql-devel 8.3.0.*  does not exist (perhaps a typo or a missing channel).</pre><pre>linux_ppc64le_python3.10.____cpython: Could not solve for environment specs\nThe following package could not be installed\n\u2514\u2500 mysql-devel 8.3.0.*  does not exist (perhaps a typo or a missing channel).</pre><pre>linux_ppc64le_python3.11.____cpython: Could not solve for environment specs\nThe following package could not be installed\n\u2514\u2500 mysql-devel 8.3.0.*  does not exist (perhaps a typo or a missing channel).</pre><pre>linux_ppc64le_python3.8.____cpython: Could not solve for environment specs\nThe following package could not be installed\n\u2514\u2500 mysql-devel 8.3.0.*  does not exist (perhaps a typo or a missing channel).</pre><pre>linux_ppc64le_python3.9.____73_pypy: Could not solve for environment specs\nThe following package could not be installed\n\u2514\u2500 mysql-devel 8.3.0.*  does not exist (perhaps a typo or a missing channel).</pre><pre>linux_ppc64le_python3.9.____cpython: Could not solve for environment specs\nThe following package could not be installed\n\u2514\u2500 mysql-devel 8.3.0.*  does not exist (perhaps a typo or a missing channel).</pre><pre>osx_64_python3.10.____cpython: Could not solve for environment specs\nThe following package could not be installed\n\u2514\u2500 mysql-devel 8.3.0.*  does not exist (perhaps a typo or a missing channel).</pre><pre>osx_64_python3.11.____cpython: Could not solve for environment specs\nThe following package could not be installed\n\u2514\u2500 mysql-devel 8.3.0.*  does not exist (perhaps a typo or a missing channel).</pre><pre>osx_64_python3.8.____cpython: Could not solve for environment specs\nThe following package could not be installed\n\u2514\u2500 mysql-devel 8.3.0.*  does not exist (perhaps a typo or a missing channel).</pre><pre>osx_64_python3.9.____73_pypy: Could not solve for environment specs\nThe following package could not be installed\n\u2514\u2500 mysql-devel 8.3.0.*  does not exist (perhaps a typo or a missing channel).</pre><pre>osx_64_python3.9.____cpython: Could not solve for environment specs\nThe following package could not be installed\n\u2514\u2500 mysql-devel 8.3.0.*  does not exist (perhaps a typo or a missing channel).</pre><pre>osx_arm64_python3.10.____cpython: Could not solve for environment specs\nThe following package could not be installed\n\u2514\u2500 mysql-devel 8.3.0.*  does not exist (perhaps a typo or a missing channel).</pre><pre>osx_arm64_python3.11.____cpython: Could not solve for environment specs\nThe following package could not be installed\n\u2514\u2500 mysql-devel 8.3.0.*  does not exist (perhaps a typo or a missing channel).</pre><pre>osx_arm64_python3.8.____cpython: Could not solve for environment specs\nThe following package could not be installed\n\u2514\u2500 mysql-devel 8.3.0.*  does not exist (perhaps a typo or a missing channel).</pre><pre>osx_arm64_python3.9.____cpython: Could not solve for environment specs\nThe following package could not be installed\n\u2514\u2500 mysql-devel 8.3.0.*  does not exist (perhaps a typo or a missing channel).</pre><pre>win_64_python3.10.____cpython: Could not solve for environment specs\nThe following package could not be installed\n\u2514\u2500 mysql-devel 8.3.0.*  does not exist (perhaps a typo or a missing channel).</pre><pre>win_64_python3.11.____cpython: Could not solve for environment specs\nThe following package could not be installed\n\u2514\u2500 mysql-devel 8.3.0.*  does not exist (perhaps a typo or a missing channel).</pre><pre>win_64_python3.8.____cpython: Could not solve for environment specs\nThe following package could not be installed\n\u2514\u2500 mysql-devel 8.3.0.*  does not exist (perhaps a typo or a missing channel).</pre><pre>win_64_python3.9.____73_pypy: Could not solve for environment specs\nThe following package could not be installed\n\u2514\u2500 mysql-devel 8.3.0.*  does not exist (perhaps a typo or a missing channel).</pre><pre>win_64_python3.9.____cpython: Could not solve for environment specs\nThe following package could not be installed\n\u2514\u2500 mysql-devel 8.3.0.*  does not exist (perhaps a typo or a missing channel).\n                </pre>\n                </div>\n                </details>",
  "8.4.0": "bot error (<a href=\"https://github.com/regro/cf-scripts/actions/runs/9257518742\">bot CI job</a>): main: Traceback (most recent call last):\n  File \"/home/runner/work/cf-scripts/cf-scripts/cf-scripts/conda_forge_tick/auto_tick.py\", line 567, in _run_migrator_on_feedstock_branch\n    migrator_uid, pr_json = run(\n                            ^^^^\n  File \"/home/runner/work/cf-scripts/cf-scripts/cf-scripts/conda_forge_tick/auto_tick.py\", line 215, in run\n    migration_run_data = run_migration(\n                         ^^^^^^^^^^^^^^\n  File \"/home/runner/work/cf-scripts/cf-scripts/cf-scripts/conda_forge_tick/migration_runner.py\", line 63, in run_migration\n    return run_migration_containerized(\n           ^^^^^^^^^^^^^^^^^^^^^^^^^^^^\n  File \"/home/runner/work/cf-scripts/cf-scripts/cf-scripts/conda_forge_tick/migration_runner.py\", line 157, in run_migration_containerized\n    data = run_container_task(\n           ^^^^^^^^^^^^^^^^^^^\n  File \"/home/runner/work/cf-scripts/cf-scripts/cf-scripts/conda_forge_tick/utils.py\", line 249, in run_container_task\n    raise RuntimeError(\nRuntimeError: Error running migrate-feedstock in container - error KeyError('raw_meta_yaml') raised:\ncmd: ['docker',\n 'run',\n '-e',\n 'CF_TICK_IN_CONTAINER=true',\n '--security-opt=no-new-privileges',\n '--read-only',\n '--cap-drop=all',\n '--mount',\n 'type=tmpfs,destination=/tmp,tmpfs-mode=1777,tmpfs-size=6000000000',\n '-m',\n '6000m',\n '--cpus',\n '1',\n '--ulimit',\n 'nofile=1024:1024',\n '--ulimit',\n 'nproc=2048:2048',\n '--rm',\n '-i',\n '--mount',\n 'type=bind,source=/tmp/tmp46kj1vd6,destination=/cf_tick_dir',\n 'ghcr.io/regro/conda-forge-tick:master',\n '/opt/conda/envs/cf-scripts/bin/python',\n '-u',\n '/opt/autotick-bot/docker/run_bot_task.py',\n 'migrate-feedstock',\n '--feedstock-name',\n 'mysql-connector-python',\n '--default-branch',\n 'main',\n '--existing-feedstock-node-attrs',\n '-',\n '--kwargs',\n '{\\n \"hash_type\": \"sha256\"\\n}',\n '--log-level',\n 'info']\nstdout: {'data': None,\n 'default_branch': 'main',\n 'error': \"KeyError('raw_meta_yaml')\",\n 'feedstock_name': 'mysql-connector-python',\n 'input_kwargs': '{\\n \"hash_type\": \"sha256\"\\n}',\n 'traceback': 'Traceback (most recent call last):\\n'\n              '  File \"/opt/autotick-bot/docker/run_bot_task.py\", line 116, in '\n              '_run_bot_task\\n'\n              '    data = func(attrs=attrs, **kwargs)\\n'\n              '           ^^^^^^^^^^^^^^^^^^^^^^^^^^^\\n'\n              '  File \"/opt/autotick-bot/docker/run_bot_task.py\", line 303, in '\n              '_migrate_feedstock\\n'\n              '    data = run_migration_local(\\n'\n              '           ^^^^^^^^^^^^^^^^^^^^\\n'\n              '  File '\n              '\"/opt/autotick-bot/conda_forge_tick/migration_runner.py\", line '\n              '235, in run_migration_local\\n'\n              '    migrator.run_pre_piggyback_migrations(recipe_dir, '\n              'feedstock_ctx.attrs, **kwargs)\\n'\n              '  File \"/opt/autotick-bot/conda_forge_tick/migrators/core.py\", '\n              'line 417, in run_pre_piggyback_migrations\\n'\n              '    if not mini_migrator.filter(attrs):\\n'\n              '           ^^^^^^^^^^^^^^^^^^^^^^^^^^^\\n'\n              '  File '\n              '\"/opt/autotick-bot/conda_forge_tick/migrators/extra_jinj2a_keys_cleanup.py\", '\n              'line 34, in filter\\n'\n              '    raw_yaml = attrs[\"raw_meta_yaml\"]\\n'\n              '               ~~~~~^^^^^^^^^^^^^^^^^\\n'\n              '  File '\n              '\"/opt/autotick-bot/conda_forge_tick/lazy_json_backends.py\", '\n              'line 811, in __getitem__\\n'\n              '    return self._data[item]\\n'\n              '           ~~~~~~~~~~^^^^^^\\n'\n              \"KeyError: 'raw_meta_yaml'\\n\"}\n"
 }
}