{
 "PRed": [
  {
   "PR": {
    "__lazy_json__": "pr_json/240023269.json"
   },
   "data": {
    "bot_rerun": 1597087686.865649,
    "migrator_name": "CompilerRebuild",
    "migrator_version": 1,
    "name": "Python 3.7, GCC 7, R 3.5.1, openBLAS 0.3.2"
   },
   "keys": [
    "bot_rerun",
    "migrator_name",
    "migrator_version",
    "name"
   ]
  },
  {
   "PR": {
    "number": 12,
    "state": "closed"
   },
   "data": {
    "bot_rerun": false,
    "migrator_name": "Rebuild",
    "migrator_version": 0,
    "name": "boost-1.70.0"
   },
   "keys": [
    "bot_rerun",
    "migrator_name",
    "migrator_version",
    "name"
   ]
  },
  {
   "PR": {
    "number": 13,
    "state": "closed"
   },
   "data": {
    "bot_rerun": false,
    "migrator_name": "MigrationYaml",
    "migrator_object_version": 1,
    "migrator_version": 0,
    "name": "python38"
   },
   "keys": [
    "bot_rerun",
    "migrator_name",
    "migrator_object_version",
    "migrator_version",
    "name"
   ]
  },
  {
   "PR": {
    "number": 14,
    "state": "closed"
   },
   "data": {
    "bot_rerun": false,
    "migrator_name": "MigrationYaml",
    "migrator_object_version": 2,
    "migrator_version": 0,
    "name": "boost172"
   },
   "keys": [
    "bot_rerun",
    "migrator_name",
    "migrator_object_version",
    "migrator_version",
    "name"
   ]
  },
  {
   "PR": {
    "__lazy_json__": "pr_json/413866039.json"
   },
   "data": {
    "bot_rerun": false,
    "migrator_name": "MigrationYaml",
    "migrator_object_version": 1,
    "migrator_version": 0,
    "name": "pypy"
   },
   "keys": [
    "bot_rerun",
    "migrator_name",
    "migrator_object_version",
    "migrator_version",
    "name"
   ]
  },
  {
   "PR": {
    "__lazy_json__": "pr_json/485596380.json"
   },
   "data": {
    "bot_rerun": false,
    "migrator_name": "MigrationYaml",
    "migrator_object_version": 1,
    "migrator_version": 0,
    "name": "boost_cpp1740"
   },
   "keys": [
    "bot_rerun",
    "migrator_name",
    "migrator_object_version",
    "migrator_version",
    "name"
   ]
  },
  {
   "PR": {
    "__lazy_json__": "pr_json/519100933.json"
   },
   "data": {
    "bot_rerun": false,
    "migrator_name": "MigrationYaml",
    "migrator_object_version": 2,
    "migrator_version": 0,
    "name": "python39"
   },
   "keys": [
    "bot_rerun",
    "migrator_name",
    "migrator_object_version",
    "migrator_version",
    "name"
   ]
  },
  {
   "PR": {
    "__lazy_json__": "pr_json/575552863.json"
   },
   "data": {
    "bot_rerun": false,
    "migrator_name": "MigrationYaml",
    "migrator_object_version": 1,
    "migrator_version": 0,
    "name": "pypy37"
   },
   "keys": [
    "bot_rerun",
    "migrator_name",
    "migrator_object_version",
    "migrator_version",
    "name"
   ]
  },
  {
   "PR": {
    "__lazy_json__": "pr_json/801540996.json"
   },
   "data": {
    "bot_rerun": false,
    "migrator_name": "MigrationYaml",
    "migrator_object_version": 1,
    "migrator_version": 0,
    "name": "python310"
   },
   "keys": [
    "bot_rerun",
    "migrator_name",
    "migrator_object_version",
    "migrator_version",
    "name"
   ]
  }
 ],
 "bad": {
  "exception": "[Errno 1] Operation not permitted: '/tmp/tmp4u1p494r/fmipp-feedstock/.scripts'",
  "traceback": [
   "Traceback (most recent call last):",
   "  File \"/home/runner/micromamba/envs/cf-scripts/lib/python3.11/shutil.py\", line 701, in _rmtree_safe_fd",
   "    os.unlink(entry.name, dir_fd=topfd)",
   "PermissionError: [Errno 13] Permission denied: 'run_win_build.bat'",
   "",
   "During handling of the above exception, another exception occurred:",
   "",
   "Traceback (most recent call last):",
   "  File \"/home/runner/work/cf-scripts/cf-scripts/cf-scripts/conda_forge_tick/auto_tick.py\", line 1262, in _run_migrator",
   "    migrator_uid, pr_json = run(",
   "                            ^^^^",
   "  File \"/home/runner/work/cf-scripts/cf-scripts/cf-scripts/conda_forge_tick/auto_tick.py\", line 282, in run",
   "    rerender_msg = rerender_feedstock(feedstock_dir, timeout=900)",
   "                   ^^^^^^^^^^^^^^^^^^^^^^^^^^^^^^^^^^^^^^^^^^^^^^",
   "  File \"/home/runner/work/cf-scripts/cf-scripts/cf-scripts/conda_forge_tick/rerender_feedstock.py\", line 41, in rerender_feedstock",
   "    return rerender_feedstock_containerized(",
   "           ^^^^^^^^^^^^^^^^^^^^^^^^^^^^^^^^^",
   "  File \"/home/runner/work/cf-scripts/cf-scripts/cf-scripts/conda_forge_tick/rerender_feedstock.py\", line 74, in rerender_feedstock_containerized",
   "    with tempfile.TemporaryDirectory() as tmpdir:",
   "  File \"/home/runner/micromamba/envs/cf-scripts/lib/python3.11/tempfile.py\", line 943, in __exit__",
   "    self.cleanup()",
   "  File \"/home/runner/micromamba/envs/cf-scripts/lib/python3.11/tempfile.py\", line 947, in cleanup",
   "    self._rmtree(self.name, ignore_errors=self._ignore_cleanup_errors)",
   "  File \"/home/runner/micromamba/envs/cf-scripts/lib/python3.11/tempfile.py\", line 929, in _rmtree",
   "    _shutil.rmtree(name, onerror=onerror)",
   "  File \"/home/runner/micromamba/envs/cf-scripts/lib/python3.11/shutil.py\", line 752, in rmtree",
   "    _rmtree_safe_fd(fd, path, onerror)",
   "  File \"/home/runner/micromamba/envs/cf-scripts/lib/python3.11/shutil.py\", line 672, in _rmtree_safe_fd",
   "    _rmtree_safe_fd(dirfd, fullname, onerror)",
   "  File \"/home/runner/micromamba/envs/cf-scripts/lib/python3.11/shutil.py\", line 672, in _rmtree_safe_fd",
   "    _rmtree_safe_fd(dirfd, fullname, onerror)",
   "  File \"/home/runner/micromamba/envs/cf-scripts/lib/python3.11/shutil.py\", line 703, in _rmtree_safe_fd",
   "    onerror(os.unlink, fullname, sys.exc_info())",
   "  File \"/home/runner/micromamba/envs/cf-scripts/lib/python3.11/tempfile.py\", line 889, in onerror",
   "    _resetperms(_os.path.dirname(path))",
   "  File \"/home/runner/micromamba/envs/cf-scripts/lib/python3.11/tempfile.py\", line 287, in _resetperms",
   "    _dont_follow_symlinks(_os.chmod, path, 0o700)",
   "  File \"/home/runner/micromamba/envs/cf-scripts/lib/python3.11/tempfile.py\", line 278, in _dont_follow_symlinks",
   "    func(path, *args)",
   "PermissionError: [Errno 1] Operation not permitted: '/tmp/tmp4u1p494r/fmipp-feedstock/.scripts'",
   ""
  ]
 },
 "pinning_version": "2021.12.13.11.03.33",
 "pre_pr_migrator_attempts": {
  "boost1780": 209,
  "boost_cpp_to_libboost": 276,
  "pypy37": 1,
  "pypy38": 560,
  "python311": 861,
  "python312": 397,
  "python39": 1
 },
 "pre_pr_migrator_status": {
  "boost1780": "not solvable (<a href=\"https://github.com/regro/autotick-bot/actions/runs/3337809201\">bot CI job</a>): main: ['linux_64_python3.10.____cpython: Encountered problems while solving:\\n  - package py-boost-1.65.1-py27h3b928e7_3 requires python >=2.7,<2.8.0a0, but none of the providers can be installed\\n', 'linux_64_python3.8.____cpython: Encountered problems while solving:\\n  - package py-boost-1.65.1-py27h3b928e7_3 requires python >=2.7,<2.8.0a0, but none of the providers can be installed\\n', 'linux_64_python3.9.____cpython: Encountered problems while solving:\\n  - package py-boost-1.65.1-py27h3b928e7_3 requires python >=2.7,<2.8.0a0, but none of the providers can be installed\\n', 'osx_64_python3.10.____cpython: Encountered problems while solving:\\n  - nothing provides requested toolchain\\n  - package py-boost-1.65.1-py27h75ca4b9_3 requires python >=2.7,<2.8.0a0, but none of the providers can be installed\\n', 'osx_64_python3.8.____cpython: Encountered problems while solving:\\n  - nothing provides requested toolchain\\n  - package py-boost-1.65.1-py27h75ca4b9_3 requires python >=2.7,<2.8.0a0, but none of the providers can be installed\\n', 'osx_64_python3.9.____cpython: Encountered problems while solving:\\n  - nothing provides requested toolchain\\n  - package py-boost-1.65.1-py27h75ca4b9_3 requires python >=2.7,<2.8.0a0, but none of the providers can be installed\\n', 'win_64_python3.10.____cpython: Encountered problems while solving:\\n  - package py-boost-1.65.1-py35_vc14h42d8cec_3 requires python >=3.5,<3.6.0a0, but none of the providers can be installed\\n', 'win_64_python3.8.____cpython: Encountered problems while solving:\\n  - package py-boost-1.65.1-py35_vc14h42d8cec_3 requires python >=3.5,<3.6.0a0, but none of the providers can be installed\\n', 'win_64_python3.9.____cpython: Encountered problems while solving:\\n  - package py-boost-1.65.1-py35_vc14h42d8cec_3 requires python >=3.5,<3.6.0a0, but none of the providers can be installed\\n']",
  "boost_cpp_to_libboost": "not solvable (<a href='https://github.com/regro/cf-scripts/actions/runs/7250243840'>bot CI job</a>) @ main\n                <details>\n                <div align=\"left\">\n                <pre>\n                linux_64_python3.10.____cpython: Could not solve for environment specs\nThe following package could not be installed\n\u2514\u2500 libboost-python-devel 1.65.1.*  does not exist (perhaps a typo or a missing channel).</pre><pre>linux_64_python3.10.____cpython: Could not solve for environment specs\nThe following packages are incompatible\n\u251C\u2500 libboost-python-devel 1.65.1.*  does not exist (perhaps a typo or a missing channel);\n\u2514\u2500 toolchain does not exist (perhaps a typo or a missing channel).</pre><pre>linux_64_python3.11.____cpython: Could not solve for environment specs\nThe following package could not be installed\n\u2514\u2500 libboost-python-devel 1.65.1.*  does not exist (perhaps a typo or a missing channel).</pre><pre>linux_64_python3.11.____cpython: Could not solve for environment specs\nThe following packages are incompatible\n\u251C\u2500 libboost-python-devel 1.65.1.*  does not exist (perhaps a typo or a missing channel);\n\u2514\u2500 toolchain does not exist (perhaps a typo or a missing channel).</pre><pre>linux_64_python3.8.____cpython: Could not solve for environment specs\nThe following package could not be installed\n\u2514\u2500 libboost-python-devel 1.65.1.*  does not exist (perhaps a typo or a missing channel).</pre><pre>linux_64_python3.8.____cpython: Could not solve for environment specs\nThe following packages are incompatible\n\u251C\u2500 libboost-python-devel 1.65.1.*  does not exist (perhaps a typo or a missing channel);\n\u2514\u2500 toolchain does not exist (perhaps a typo or a missing channel).</pre><pre>linux_64_python3.9.____cpython: Could not solve for environment specs\nThe following package could not be installed\n\u2514\u2500 libboost-python-devel 1.65.1.*  does not exist (perhaps a typo or a missing channel).</pre><pre>linux_64_python3.9.____cpython: Could not solve for environment specs\nThe following packages are incompatible\n\u251C\u2500 libboost-python-devel 1.65.1.*  does not exist (perhaps a typo or a missing channel);\n\u2514\u2500 toolchain does not exist (perhaps a typo or a missing channel).</pre><pre>osx_64_python3.10.____cpython: Could not solve for environment specs\nThe following package could not be installed\n\u2514\u2500 libboost-python-devel 1.65.1.*  does not exist (perhaps a typo or a missing channel).</pre><pre>osx_64_python3.10.____cpython: Could not solve for environment specs\nThe following packages are incompatible\n\u251C\u2500 libboost-python-devel 1.65.1.*  does not exist (perhaps a typo or a missing channel);\n\u2514\u2500 toolchain does not exist (perhaps a typo or a missing channel).</pre><pre>osx_64_python3.11.____cpython: Could not solve for environment specs\nThe following package could not be installed\n\u2514\u2500 libboost-python-devel 1.65.1.*  does not exist (perhaps a typo or a missing channel).</pre><pre>osx_64_python3.11.____cpython: Could not solve for environment specs\nThe following packages are incompatible\n\u251C\u2500 libboost-python-devel 1.65.1.*  does not exist (perhaps a typo or a missing channel);\n\u2514\u2500 toolchain does not exist (perhaps a typo or a missing channel).</pre><pre>osx_64_python3.8.____cpython: Could not solve for environment specs\nThe following package could not be installed\n\u2514\u2500 libboost-python-devel 1.65.1.*  does not exist (perhaps a typo or a missing channel).</pre><pre>osx_64_python3.8.____cpython: Could not solve for environment specs\nThe following packages are incompatible\n\u251C\u2500 libboost-python-devel 1.65.1.*  does not exist (perhaps a typo or a missing channel);\n\u2514\u2500 toolchain does not exist (perhaps a typo or a missing channel).</pre><pre>osx_64_python3.9.____cpython: Could not solve for environment specs\nThe following package could not be installed\n\u2514\u2500 libboost-python-devel 1.65.1.*  does not exist (perhaps a typo or a missing channel).</pre><pre>osx_64_python3.9.____cpython: Could not solve for environment specs\nThe following packages are incompatible\n\u251C\u2500 libboost-python-devel 1.65.1.*  does not exist (perhaps a typo or a missing channel);\n\u2514\u2500 toolchain does not exist (perhaps a typo or a missing channel).</pre><pre>win_64_python3.10.____cpython: Could not solve for environment specs\nThe following package could not be installed\n\u2514\u2500 libboost-python-devel 1.65.1.*  does not exist (perhaps a typo or a missing channel).</pre><pre>win_64_python3.10.____cpython: Could not solve for environment specs\nThe following packages are incompatible\n\u251C\u2500 libboost-python-devel 1.65.1.*  does not exist (perhaps a typo or a missing channel);\n\u2514\u2500 toolchain does not exist (perhaps a typo or a missing channel).</pre><pre>win_64_python3.11.____cpython: Could not solve for environment specs\nThe following package could not be installed\n\u2514\u2500 libboost-python-devel 1.65.1.*  does not exist (perhaps a typo or a missing channel).</pre><pre>win_64_python3.11.____cpython: Could not solve for environment specs\nThe following packages are incompatible\n\u251C\u2500 libboost-python-devel 1.65.1.*  does not exist (perhaps a typo or a missing channel);\n\u2514\u2500 toolchain does not exist (perhaps a typo or a missing channel).</pre><pre>win_64_python3.8.____cpython: Could not solve for environment specs\nThe following package could not be installed\n\u2514\u2500 libboost-python-devel 1.65.1.*  does not exist (perhaps a typo or a missing channel).</pre><pre>win_64_python3.8.____cpython: Could not solve for environment specs\nThe following packages are incompatible\n\u251C\u2500 libboost-python-devel 1.65.1.*  does not exist (perhaps a typo or a missing channel);\n\u2514\u2500 toolchain does not exist (perhaps a typo or a missing channel).</pre><pre>win_64_python3.9.____cpython: Could not solve for environment specs\nThe following package could not be installed\n\u2514\u2500 libboost-python-devel 1.65.1.*  does not exist (perhaps a typo or a missing channel).</pre><pre>win_64_python3.9.____cpython: Could not solve for environment specs\nThe following packages are incompatible\n\u251C\u2500 libboost-python-devel 1.65.1.*  does not exist (perhaps a typo or a missing channel);\n\u2514\u2500 toolchain does not exist (perhaps a typo or a missing channel).\n                </pre>\n                </div>\n                </details>",
  "pypy37": "not solvable (<a href=\"https://github.com/regro/autotick-bot/actions/runs/577337625\">bot CI job</a>): master: ['linux_64_python3.7.____73_pypy: Encountered problems while solving.\\nProblem: package boost-1.65.1-py27_4 requires python >=2.7,<2.8.0a0, but none of the providers can be installed\\n', 'linux_64_python3.7.____cpython: Encountered problems while solving.\\nProblem: package py-boost-1.65.1-py27h3b928e7_3 requires python >=2.7,<2.8.0a0, but none of the providers can be installed\\n', 'linux_64_python3.8.____cpython: Encountered problems while solving.\\nProblem: package py-boost-1.65.1-py27h3b928e7_3 requires python >=2.7,<2.8.0a0, but none of the providers can be installed\\n', 'osx_64_python3.6.____cpython: Encountered problems while solving.\\nProblem: nothing provides requested toolchain\\n', 'osx_64_python3.7.____73_pypy: Encountered problems while solving.\\nProblem: nothing provides requested toolchain\\nProblem: package boost-1.65.1-py27_4 requires python >=2.7,<2.8.0a0, but none of the providers can be installed\\n', 'osx_64_python3.7.____cpython: Encountered problems while solving.\\nProblem: nothing provides requested toolchain\\nProblem: package py-boost-1.65.1-py27h75ca4b9_3 requires python >=2.7,<2.8.0a0, but none of the providers can be installed\\n', 'osx_64_python3.8.____cpython: Encountered problems while solving.\\nProblem: nothing provides requested toolchain\\nProblem: package py-boost-1.65.1-py27h75ca4b9_3 requires python >=2.7,<2.8.0a0, but none of the providers can be installed\\n', 'win_64_python3.7.____cpython: Encountered problems while solving.\\nProblem: package py-boost-1.65.1-py27_vc9hd6400c3_3 requires python >=2.7,<2.8.0a0, but none of the providers can be installed\\n', 'win_64_python3.8.____cpython: Encountered problems while solving.\\nProblem: package py-boost-1.65.1-py27_vc9hd6400c3_3 requires python >=2.7,<2.8.0a0, but none of the providers can be installed\\n']",
  "pypy38": "bot error (<a href=\"https://github.com/regro/cf-scripts/actions/runs/8766219692\">bot CI job</a>): main: Traceback (most recent call last):\n  File \"/home/runner/work/cf-scripts/cf-scripts/cf-scripts/conda_forge_tick/auto_tick.py\", line 1260, in _run_migrator\n    migrator_uid, pr_json = run(\n                            ^^^^\n  File \"/home/runner/work/cf-scripts/cf-scripts/cf-scripts/conda_forge_tick/auto_tick.py\", line 280, in run\n    rerender_msg = rerender_feedstock(feedstock_dir, timeout=900)\n                   ^^^^^^^^^^^^^^^^^^^^^^^^^^^^^^^^^^^^^^^^^^^^^^\n  File \"/home/runner/work/cf-scripts/cf-scripts/cf-scripts/conda_forge_tick/rerender_feedstock.py\", line 41, in rerender_feedstock\n    return rerender_feedstock_containerized(\n           ^^^^^^^^^^^^^^^^^^^^^^^^^^^^^^^^^\n  File \"/home/runner/work/cf-scripts/cf-scripts/cf-scripts/conda_forge_tick/rerender_feedstock.py\", line 83, in rerender_feedstock_containerized\n    data = run_container_task(\n           ^^^^^^^^^^^^^^^^^^^\n  File \"/home/runner/work/cf-scripts/cf-scripts/cf-scripts/conda_forge_tick/utils.py\", line 235, in run_container_task\n    raise RuntimeError(\nRuntimeError: Error running rerender-feedstock in container - error CalledProcessError(1, ['git', 'commit', '-am', 'initial commit']) raised:\ncmd: ['docker',\n 'run',\n '-e',\n 'CF_TICK_IN_CONTAINER=true',\n '--security-opt=no-new-privileges',\n '--read-only',\n '--cap-drop=all',\n '--mount',\n 'type=tmpfs,destination=/tmp,tmpfs-mode=1777,tmpfs-size=10000000',\n '-m',\n '2048m',\n '--cpus',\n '1',\n '--ulimit',\n 'nofile=1024:1024',\n '--ulimit',\n 'nproc=2048:2048',\n '--rm',\n '-i',\n '--mount',\n 'type=bind,source=/tmp/tmpllp9rgz9,destination=/cf_tick_dir',\n 'ghcr.io/regro/conda-forge-tick:master',\n '/opt/conda/envs/cf-scripts/bin/python',\n '-u',\n '/opt/autotick-bot/docker/run_bot_task.py',\n 'rerender-feedstock',\n '--timeout',\n '900',\n '--log-level',\n 'info']\nstdout: {'container_stdout': '',\n 'data': None,\n 'error': \"CalledProcessError(1, ['git', 'commit', '-am', 'initial commit'])\",\n 'timeout': 900,\n 'traceback': 'Traceback (most recent call last):\\n'\n              '  File \"/opt/autotick-bot/docker/run_bot_task.py\", line 113, in '\n              '_run_bot_task\\n'\n              '    data = func(**kwargs)\\n'\n              '           ^^^^^^^^^^^^^^\\n'\n              '  File \"/opt/autotick-bot/docker/run_bot_task.py\", line 149, in '\n              '_rerender_feedstock\\n'\n              '    subprocess.run(\\n'\n              '  File '\n              '\"/opt/conda/envs/cf-scripts/lib/python3.11/subprocess.py\", line '\n              '571, in run\\n'\n              '    raise CalledProcessError(retcode, process.args,\\n'\n              \"subprocess.CalledProcessError: Command '['git', 'commit', \"\n              \"'-am', 'initial commit']' returned non-zero exit status 1.\\n\"}\n",
  "python311": "not solvable (<a href=\"https://github.com/regro/cf-scripts/actions/runs/6286666323\">bot CI job</a>): main: ['linux_64_python3.10.____cpython: Encountered problems while solving:\\n  - nothing provides requested toolchain\\n  - package python-3.10.6-h582c2e5_0_cpython requires xz >=5.2.6,<6.0.0a0, but none of the providers can be installed\\n', 'linux_64_python3.11.____cpython: Encountered problems while solving:\\n  - nothing provides requested toolchain\\n  - package python-3.11.0-h582c2e5_0_cpython requires xz >=5.2.6,<5.3.0a0, but none of the providers can be installed\\n', 'linux_64_python3.8.____cpython: Encountered problems while solving:\\n  - nothing provides requested toolchain\\n  - package python-3.8.14-h257c98d_0_cpython requires xz >=5.2.6,<6.0a0, but none of the providers can be installed\\n', 'linux_64_python3.9.____cpython: Encountered problems while solving:\\n  - nothing provides requested toolchain\\n  - package python-3.9.14-h47a2c10_0_cpython requires xz >=5.2.6,<6.0a0, but none of the providers can be installed\\n', 'osx_64_python3.10.____cpython: Encountered problems while solving:\\n  - nothing provides requested toolchain\\n  - package python-3.10.6-ha7b0be1_0_cpython requires xz >=5.2.6,<6.0.0a0, but none of the providers can be installed\\n', 'osx_64_python3.11.____cpython: Encountered problems while solving:\\n  - nothing provides requested toolchain\\n  - package python-3.11.0-h559f36b_0_cpython requires xz >=5.2.6,<5.3.0a0, but none of the providers can be installed\\n', 'osx_64_python3.8.____cpython: Encountered problems while solving:\\n  - nothing provides requested toolchain\\n  - package python-3.8.14-hc915b28_0_cpython requires xz >=5.2.6,<6.0a0, but none of the providers can be installed\\n', 'osx_64_python3.9.____cpython: Encountered problems while solving:\\n  - nothing provides requested toolchain\\n  - package python-3.9.14-h531fd05_0_cpython requires xz >=5.2.6,<6.0a0, but none of the providers can be installed\\n', 'win_64_python3.10.____cpython: Encountered problems while solving:\\n  - nothing provides requested toolchain\\n  - nothing provides vc 9 needed by boost-1.65.1-py27_vc9_0\\n', 'win_64_python3.10.____cpython: Encountered problems while solving:\\n  - nothing provides vc 9 needed by boost-1.65.1-py27_vc9_0\\n', 'win_64_python3.11.____cpython: Encountered problems while solving:\\n  - nothing provides requested toolchain\\n  - nothing provides vc 9 needed by boost-1.65.1-py27_vc9_0\\n', 'win_64_python3.11.____cpython: Encountered problems while solving:\\n  - nothing provides vc 9 needed by boost-1.65.1-py27_vc9_0\\n', 'win_64_python3.8.____cpython: Encountered problems while solving:\\n  - nothing provides requested toolchain\\n  - nothing provides vc 9 needed by boost-1.65.1-py27_vc9_0\\n', 'win_64_python3.8.____cpython: Encountered problems while solving:\\n  - nothing provides vc 9 needed by boost-1.65.1-py27_vc9_0\\n', 'win_64_python3.9.____cpython: Encountered problems while solving:\\n  - nothing provides requested toolchain\\n  - nothing provides vc 9 needed by boost-1.65.1-py27_vc9_0\\n', 'win_64_python3.9.____cpython: Encountered problems while solving:\\n  - nothing provides vc 9 needed by boost-1.65.1-py27_vc9_0\\n']",
  "python312": "bot error (<a href=\"https://github.com/regro/cf-scripts/actions/runs/8770525915\">bot CI job</a>): main: Traceback (most recent call last):\n  File \"/home/runner/micromamba/envs/cf-scripts/lib/python3.11/shutil.py\", line 701, in _rmtree_safe_fd\n    os.unlink(entry.name, dir_fd=topfd)\nPermissionError: [Errno 13] Permission denied: 'run_win_build.bat'\n\nDuring handling of the above exception, another exception occurred:\n\nTraceback (most recent call last):\n  File \"/home/runner/work/cf-scripts/cf-scripts/cf-scripts/conda_forge_tick/auto_tick.py\", line 1262, in _run_migrator\n    migrator_uid, pr_json = run(\n                            ^^^^\n  File \"/home/runner/work/cf-scripts/cf-scripts/cf-scripts/conda_forge_tick/auto_tick.py\", line 282, in run\n    rerender_msg = rerender_feedstock(feedstock_dir, timeout=900)\n                   ^^^^^^^^^^^^^^^^^^^^^^^^^^^^^^^^^^^^^^^^^^^^^^\n  File \"/home/runner/work/cf-scripts/cf-scripts/cf-scripts/conda_forge_tick/rerender_feedstock.py\", line 41, in rerender_feedstock\n    return rerender_feedstock_containerized(\n           ^^^^^^^^^^^^^^^^^^^^^^^^^^^^^^^^^\n  File \"/home/runner/work/cf-scripts/cf-scripts/cf-scripts/conda_forge_tick/rerender_feedstock.py\", line 74, in rerender_feedstock_containerized\n    with tempfile.TemporaryDirectory() as tmpdir:\n  File \"/home/runner/micromamba/envs/cf-scripts/lib/python3.11/tempfile.py\", line 943, in __exit__\n    self.cleanup()\n  File \"/home/runner/micromamba/envs/cf-scripts/lib/python3.11/tempfile.py\", line 947, in cleanup\n    self._rmtree(self.name, ignore_errors=self._ignore_cleanup_errors)\n  File \"/home/runner/micromamba/envs/cf-scripts/lib/python3.11/tempfile.py\", line 929, in _rmtree\n    _shutil.rmtree(name, onerror=onerror)\n  File \"/home/runner/micromamba/envs/cf-scripts/lib/python3.11/shutil.py\", line 752, in rmtree\n    _rmtree_safe_fd(fd, path, onerror)\n  File \"/home/runner/micromamba/envs/cf-scripts/lib/python3.11/shutil.py\", line 672, in _rmtree_safe_fd\n    _rmtree_safe_fd(dirfd, fullname, onerror)\n  File \"/home/runner/micromamba/envs/cf-scripts/lib/python3.11/shutil.py\", line 672, in _rmtree_safe_fd\n    _rmtree_safe_fd(dirfd, fullname, onerror)\n  File \"/home/runner/micromamba/envs/cf-scripts/lib/python3.11/shutil.py\", line 703, in _rmtree_safe_fd\n    onerror(os.unlink, fullname, sys.exc_info())\n  File \"/home/runner/micromamba/envs/cf-scripts/lib/python3.11/tempfile.py\", line 889, in onerror\n    _resetperms(_os.path.dirname(path))\n  File \"/home/runner/micromamba/envs/cf-scripts/lib/python3.11/tempfile.py\", line 287, in _resetperms\n    _dont_follow_symlinks(_os.chmod, path, 0o700)\n  File \"/home/runner/micromamba/envs/cf-scripts/lib/python3.11/tempfile.py\", line 278, in _dont_follow_symlinks\n    func(path, *args)\nPermissionError: [Errno 1] Operation not permitted: '/tmp/tmp4u1p494r/fmipp-feedstock/.scripts'\n",
  "python39": "not solvable: master: ['linux_64_python3.7.____cpython: Encountered problems while solving.\\nProblem: package boost-1.65.1-py27_0 requires python 2.7*, but none of the providers can be installed\\n', 'linux_64_python3.8.____cpython: Encountered problems while solving.\\nProblem: package boost-1.65.1-py27_0 requires python 2.7*, but none of the providers can be installed\\n', 'linux_64_python3.9.____cpython: Encountered problems while solving.\\nProblem: package boost-1.65.1-py27_0 requires python 2.7*, but none of the providers can be installed\\n', 'osx_64_python3.6.____cpython: Encountered problems while solving.\\nProblem: nothing provides requested toolchain\\n', 'osx_64_python3.7.____cpython: Encountered problems while solving.\\nProblem: nothing provides requested toolchain\\nProblem: package boost-1.65.1-py27_0 requires python 2.7*, but none of the providers can be installed\\n', 'osx_64_python3.8.____cpython: Encountered problems while solving.\\nProblem: nothing provides requested toolchain\\nProblem: package boost-1.65.1-py27_0 requires python 2.7*, but none of the providers can be installed\\n', 'osx_64_python3.9.____cpython: Encountered problems while solving.\\nProblem: nothing provides requested toolchain\\nProblem: package boost-1.65.1-py27_0 requires python 2.7*, but none of the providers can be installed\\n', 'win_64_python3.7.____cpython: Encountered problems while solving.\\nProblem: package boost-1.65.1-py27_vc9_0 requires python 2.7*, but none of the providers can be installed\\n', 'win_64_python3.8.____cpython: Encountered problems while solving.\\nProblem: package boost-1.65.1-py27_vc9_0 requires python 2.7*, but none of the providers can be installed\\n', 'win_64_python3.9.____cpython: Encountered problems while solving.\\nProblem: package boost-1.65.1-py27_vc9_0 requires python 2.7*, but none of the providers can be installed\\n']"
 },
 "smithy_version": "3.15.1"
}